#
# There is insufficient memory for the Java Runtime Environment to continue.
# Native memory allocation (mmap) failed to map 193986560 bytes for committing reserved memory.
# Possible reasons:
#   The system is out of physical RAM or swap space
#   In 32 bit mode, the process size limit was hit
# Possible solutions:
#   Reduce memory load on the system
#   Increase physical memory or swap space
#   Check if swap backing store is full
#   Use 64 bit Java on a 64 bit OS
#   Decrease Java heap size (-Xmx/-Xms)
#   Decrease number of Java threads
#   Decrease Java thread stack sizes (-Xss)
#   Set larger code cache with -XX:ReservedCodeCacheSize=
# This output file may be truncated or incomplete.
#
#  Out of Memory Error (os_linux.cpp:2718), pid=2678, tid=140588677129984
#
# JRE version:  (8.0_05-b13) (build )
# Java VM: Java HotSpot(TM) 64-Bit Server VM (25.5-b02 mixed mode linux-amd64 compressed oops)
# Failed to write core dump. Core dumps have been disabled. To enable core dumping, try "ulimit -c unlimited" before starting Java again
#

---------------  T H R E A D  ---------------

Current thread (0x00007fdd5400c800):  JavaThread "Unknown thread" [_thread_in_vm, id=2679, stack(0x00007fdd5a249000,0x00007fdd5a28f000)]

Stack: [0x00007fdd5a249000,0x00007fdd5a28f000],  sp=0x00007fdd5a28d3e0,  free space=272k
Native frames: (J=compiled Java code, j=interpreted, Vv=VM code, C=native code)
V  [libjvm.so+0xa2f43a]  VMError::report_and_die()+0x2ca
V  [libjvm.so+0x4b2d5b]  report_vm_out_of_memory(char const*, int, unsigned long, VMErrorType, char const*)+0x8b
V  [libjvm.so+0x89e443]  os::Linux::commit_memory_impl(char*, unsigned long, bool)+0x103
V  [libjvm.so+0x89e999]  os::pd_commit_memory(char*, unsigned long, unsigned long, bool)+0x29
V  [libjvm.so+0x89863a]  os::commit_memory(char*, unsigned long, unsigned long, bool)+0x2a
V  [libjvm.so+0xa2b3b9]  VirtualSpace::expand_by(unsigned long, bool)+0x1c9
V  [libjvm.so+0xa2bf4e]  VirtualSpace::initialize(ReservedSpace, unsigned long)+0xee
V  [libjvm.so+0x5975b1]  CardGeneration::CardGeneration(ReservedSpace, unsigned long, int, GenRemSet*)+0xf1
V  [libjvm.so+0x48983b]  ConcurrentMarkSweepGeneration::ConcurrentMarkSweepGeneration(ReservedSpace, unsigned long, int, CardTableRS*, bool, FreeBlockDictionary<FreeChunk>::DictionaryChoice)+0x4b
V  [libjvm.so+0x5985e4]  GenerationSpec::init(ReservedSpace, int, GenRemSet*)+0xf4
V  [libjvm.so+0x5873ae]  GenCollectedHeap::initialize()+0x1ee
V  [libjvm.so+0x9fd783]  Universe::initialize_heap()+0xe3
V  [libjvm.so+0x9fdbc4]  universe_init()+0x64
V  [libjvm.so+0x5d45c5]  init_globals()+0x65
V  [libjvm.so+0x9e44ad]  Threads::create_vm(JavaVMInitArgs*, bool*)+0x24d
V  [libjvm.so+0x6659f4]  JNI_CreateJavaVM+0x74
C  [libjli.so+0x703e]  JavaMain+0x9e


---------------  P R O C E S S  ---------------

Java Threads: ( => current thread )

Other Threads:

=>0x00007fdd5400c800 (exited) JavaThread "Unknown thread" [_thread_in_vm, id=2679, stack(0x00007fdd5a249000,0x00007fdd5a28f000)]

VM state:not at safepoint (not fully initialized)

VM Mutex/Monitor currently owned by a thread: None

GC Heap History (0 events):
No events

Deoptimization events (0 events):
No events

Internal exceptions (0 events):
No events

Events (0 events):
No events


Dynamic libraries:
00400000-00401000 r-xp 00000000 fd:00 945859                             /usr/local/java/jdk1.8.0_05/bin/java
00600000-00601000 rw-p 00000000 fd:00 945859                             /usr/local/java/jdk1.8.0_05/bin/java
014f3000-01514000 rw-p 00000000 00:00 0                                  [heap]
f0a00000-f4700000 rw-p 00000000 00:00 0 
7fdd3c000000-7fdd3c021000 rw-p 00000000 00:00 0 
7fdd3c021000-7fdd40000000 ---p 00000000 00:00 0 
7fdd43a49000-7fdd43dbc000 rw-p 00000000 00:00 0 
7fdd43dbc000-7fdd44172000 ---p 00000000 00:00 0 
7fdd44172000-7fdd443e2000 rwxp 00000000 00:00 0 
7fdd443e2000-7fdd53172000 ---p 00000000 00:00 0 
7fdd53172000-7fdd5318e000 r-xp 00000000 fd:00 1075765                    /usr/local/java/jdk1.8.0_05/jre/lib/amd64/libzip.so
7fdd5318e000-7fdd5338d000 ---p 0001c000 fd:00 1075765                    /usr/local/java/jdk1.8.0_05/jre/lib/amd64/libzip.so
7fdd5338d000-7fdd5338e000 rw-p 0001b000 fd:00 1075765                    /usr/local/java/jdk1.8.0_05/jre/lib/amd64/libzip.so
7fdd5338e000-7fdd53399000 r-xp 00000000 fd:00 393443                     /lib/x86_64-linux-gnu/libnss_files-2.19.so
7fdd53399000-7fdd53598000 ---p 0000b000 fd:00 393443                     /lib/x86_64-linux-gnu/libnss_files-2.19.so
7fdd53598000-7fdd53599000 r--p 0000a000 fd:00 393443                     /lib/x86_64-linux-gnu/libnss_files-2.19.so
7fdd53599000-7fdd5359a000 rw-p 0000b000 fd:00 393443                     /lib/x86_64-linux-gnu/libnss_files-2.19.so
7fdd5359a000-7fdd535a5000 r-xp 00000000 fd:00 393447                     /lib/x86_64-linux-gnu/libnss_nis-2.19.so
7fdd535a5000-7fdd537a4000 ---p 0000b000 fd:00 393447                     /lib/x86_64-linux-gnu/libnss_nis-2.19.so
7fdd537a4000-7fdd537a5000 r--p 0000a000 fd:00 393447                     /lib/x86_64-linux-gnu/libnss_nis-2.19.so
7fdd537a5000-7fdd537a6000 rw-p 0000b000 fd:00 393447                     /lib/x86_64-linux-gnu/libnss_nis-2.19.so
7fdd537a6000-7fdd537bd000 r-xp 00000000 fd:00 393437                     /lib/x86_64-linux-gnu/libnsl-2.19.so
7fdd537bd000-7fdd539bc000 ---p 00017000 fd:00 393437                     /lib/x86_64-linux-gnu/libnsl-2.19.so
7fdd539bc000-7fdd539bd000 r--p 00016000 fd:00 393437                     /lib/x86_64-linux-gnu/libnsl-2.19.so
7fdd539bd000-7fdd539be000 rw-p 00017000 fd:00 393437                     /lib/x86_64-linux-gnu/libnsl-2.19.so
7fdd539be000-7fdd539c0000 rw-p 00000000 00:00 0 
7fdd539c0000-7fdd539c9000 r-xp 00000000 fd:00 393439                     /lib/x86_64-linux-gnu/libnss_compat-2.19.so
7fdd539c9000-7fdd53bc8000 ---p 00009000 fd:00 393439                     /lib/x86_64-linux-gnu/libnss_compat-2.19.so
7fdd53bc8000-7fdd53bc9000 r--p 00008000 fd:00 393439                     /lib/x86_64-linux-gnu/libnss_compat-2.19.so
7fdd53bc9000-7fdd53bca000 rw-p 00009000 fd:00 393439                     /lib/x86_64-linux-gnu/libnss_compat-2.19.so
7fdd53bca000-7fdd53bd4000 r-xp 00000000 fd:00 1075783                    /usr/local/java/jdk1.8.0_05/jre/lib/amd64/libinstrument.so
7fdd53bd4000-7fdd53dd3000 ---p 0000a000 fd:00 1075783                    /usr/local/java/jdk1.8.0_05/jre/lib/amd64/libinstrument.so
7fdd53dd3000-7fdd53dd4000 rw-p 00009000 fd:00 1075783                    /usr/local/java/jdk1.8.0_05/jre/lib/amd64/libinstrument.so
7fdd53dd4000-7fdd53dfe000 r-xp 00000000 fd:00 1075755                    /usr/local/java/jdk1.8.0_05/jre/lib/amd64/libjava.so
7fdd53dfe000-7fdd53ffe000 ---p 0002a000 fd:00 1075755                    /usr/local/java/jdk1.8.0_05/jre/lib/amd64/libjava.so
7fdd53ffe000-7fdd54000000 rw-p 0002a000 fd:00 1075755                    /usr/local/java/jdk1.8.0_05/jre/lib/amd64/libjava.so
7fdd54000000-7fdd5402b000 rw-p 00000000 00:00 0 
7fdd5402b000-7fdd58000000 ---p 00000000 00:00 0 
7fdd5803e000-7fdd5804b000 r-xp 00000000 fd:00 1075763                    /usr/local/java/jdk1.8.0_05/jre/lib/amd64/libverify.so
7fdd5804b000-7fdd5824b000 ---p 0000d000 fd:00 1075763                    /usr/local/java/jdk1.8.0_05/jre/lib/amd64/libverify.so
7fdd5824b000-7fdd5824d000 rw-p 0000d000 fd:00 1075763                    /usr/local/java/jdk1.8.0_05/jre/lib/amd64/libverify.so
7fdd5824d000-7fdd58254000 r-xp 00000000 fd:00 393480                     /lib/x86_64-linux-gnu/librt-2.19.so
7fdd58254000-7fdd58453000 ---p 00007000 fd:00 393480                     /lib/x86_64-linux-gnu/librt-2.19.so
7fdd58453000-7fdd58454000 r--p 00006000 fd:00 393480                     /lib/x86_64-linux-gnu/librt-2.19.so
7fdd58454000-7fdd58455000 rw-p 00007000 fd:00 393480                     /lib/x86_64-linux-gnu/librt-2.19.so
7fdd58455000-7fdd5855a000 r-xp 00000000 fd:00 393422                     /lib/x86_64-linux-gnu/libm-2.19.so
7fdd5855a000-7fdd58759000 ---p 00105000 fd:00 393422                     /lib/x86_64-linux-gnu/libm-2.19.so
7fdd58759000-7fdd5875a000 r--p 00104000 fd:00 393422                     /lib/x86_64-linux-gnu/libm-2.19.so
7fdd5875a000-7fdd5875b000 rw-p 00105000 fd:00 393422                     /lib/x86_64-linux-gnu/libm-2.19.so
7fdd5875b000-7fdd59375000 r-xp 00000000 fd:00 1075727                    /usr/local/java/jdk1.8.0_05/jre/lib/amd64/server/libjvm.so
7fdd59375000-7fdd59574000 ---p 00c1a000 fd:00 1075727                    /usr/local/java/jdk1.8.0_05/jre/lib/amd64/server/libjvm.so
7fdd59574000-7fdd5963d000 rw-p 00c19000 fd:00 1075727                    /usr/local/java/jdk1.8.0_05/jre/lib/amd64/server/libjvm.so
7fdd5963d000-7fdd5967e000 rw-p 00000000 00:00 0 
7fdd5967e000-7fdd5983a000 r-xp 00000000 fd:00 393384                     /lib/x86_64-linux-gnu/libc-2.19.so
7fdd5983a000-7fdd59a39000 ---p 001bc000 fd:00 393384                     /lib/x86_64-linux-gnu/libc-2.19.so
7fdd59a39000-7fdd59a3d000 r--p 001bb000 fd:00 393384                     /lib/x86_64-linux-gnu/libc-2.19.so
7fdd59a3d000-7fdd59a3f000 rw-p 001bf000 fd:00 393384                     /lib/x86_64-linux-gnu/libc-2.19.so
7fdd59a3f000-7fdd59a44000 rw-p 00000000 00:00 0 
7fdd59a44000-7fdd59a47000 r-xp 00000000 fd:00 393400                     /lib/x86_64-linux-gnu/libdl-2.19.so
7fdd59a47000-7fdd59c46000 ---p 00003000 fd:00 393400                     /lib/x86_64-linux-gnu/libdl-2.19.so
7fdd59c46000-7fdd59c47000 r--p 00002000 fd:00 393400                     /lib/x86_64-linux-gnu/libdl-2.19.so
7fdd59c47000-7fdd59c48000 rw-p 00003000 fd:00 393400                     /lib/x86_64-linux-gnu/libdl-2.19.so
7fdd59c48000-7fdd59c5f000 r-xp 00000000 fd:00 413976                     /usr/local/java/jdk1.8.0_05/lib/amd64/jli/libjli.so
7fdd59c5f000-7fdd59e5e000 ---p 00017000 fd:00 413976                     /usr/local/java/jdk1.8.0_05/lib/amd64/jli/libjli.so
7fdd59e5e000-7fdd59e5f000 rw-p 00016000 fd:00 413976                     /usr/local/java/jdk1.8.0_05/lib/amd64/jli/libjli.so
7fdd59e5f000-7fdd59e78000 r-xp 00000000 fd:00 393474                     /lib/x86_64-linux-gnu/libpthread-2.19.so
7fdd59e78000-7fdd5a077000 ---p 00019000 fd:00 393474                     /lib/x86_64-linux-gnu/libpthread-2.19.so
7fdd5a077000-7fdd5a078000 r--p 00018000 fd:00 393474                     /lib/x86_64-linux-gnu/libpthread-2.19.so
7fdd5a078000-7fdd5a079000 rw-p 00019000 fd:00 393474                     /lib/x86_64-linux-gnu/libpthread-2.19.so
7fdd5a079000-7fdd5a07d000 rw-p 00000000 00:00 0 
7fdd5a07d000-7fdd5a0a0000 r-xp 00000000 fd:00 393364                     /lib/x86_64-linux-gnu/ld-2.19.so
7fdd5a0ca000-7fdd5a0eb000 rw-p 00000000 00:00 0 
7fdd5a0eb000-7fdd5a147000 ---p 00000000 00:00 0 
7fdd5a147000-7fdd5a148000 rw-p 00000000 00:00 0 
7fdd5a148000-7fdd5a149000 ---p 00000000 00:00 0 
7fdd5a149000-7fdd5a249000 rw-p 00000000 00:00 0                          [stack:2680]
7fdd5a249000-7fdd5a24c000 ---p 00000000 00:00 0 
7fdd5a24c000-7fdd5a293000 rw-p 00000000 00:00 0                          [stack:2679]
7fdd5a293000-7fdd5a29b000 rw-s 00000000 fd:00 281822                     /tmp/hsperfdata_root/2678
7fdd5a29b000-7fdd5a29c000 rw-p 00000000 00:00 0 
7fdd5a29c000-7fdd5a29d000 r--p 00000000 00:00 0 
7fdd5a29d000-7fdd5a29f000 rw-p 00000000 00:00 0 
7fdd5a29f000-7fdd5a2a0000 r--p 00022000 fd:00 393364                     /lib/x86_64-linux-gnu/ld-2.19.so
7fdd5a2a0000-7fdd5a2a1000 rw-p 00023000 fd:00 393364                     /lib/x86_64-linux-gnu/ld-2.19.so
7fdd5a2a1000-7fdd5a2a2000 rw-p 00000000 00:00 0 
7fff77f91000-7fff77fb3000 rw-p 00000000 00:00 0                          [stack]
7fff77ffe000-7fff78000000 r-xp 00000000 00:00 0                          [vdso]
ffffffffff600000-ffffffffff601000 r-xp 00000000 00:00 0                  [vsyscall]

VM Arguments:
jvm_args: -ea -javaagent:/home/smoyerman/cassandra/bin/../lib/jamm-0.2.5.jar -XX:+CMSClassUnloadingEnabled -XX:+UseThreadPriorities -XX:ThreadPriorityPolicy=42 -Xms245M -Xmx245M -Xmn61M -XX:+HeapDumpOnOutOfMemoryError -Xss280k -XX:StringTableSize=1000003 -XX:+UseParNewGC -XX:+UseConcMarkSweepGC -XX:+CMSParallelRemarkEnabled -XX:SurvivorRatio=8 -XX:MaxTenuringThreshold=1 -XX:CMSInitiatingOccupancyFraction=75 -XX:+UseCMSInitiatingOccupancyOnly -XX:+UseTLAB -XX:+UseCondCardMark -Djava.net.preferIPv4Stack=true -Dcom.sun.management.jmxremote.port=7199 -Dcom.sun.management.jmxremote.rmi.port=7199 -Dcom.sun.management.jmxremote.ssl=false -Dcom.sun.management.jmxremote.authenticate=false -Dlog4j.configuration=log4j-server.properties -Dlog4j.defaultInitOverride=true 
java_command: org.apache.cassandra.service.CassandraDaemon
java_class_path (initial): /home/smoyerman/cassandra/bin/../conf:/home/smoyerman/cassandra/bin/../build/classes/main:/home/smoyerman/cassandra/bin/../build/classes/thrift:/home/smoyerman/cassandra/bin/../lib/antlr-3.2.jar:/home/smoyerman/cassandra/bin/../lib/apache-cassandra-2.0.8.jar:/home/smoyerman/cassandra/bin/../lib/apache-cassandra-clientutil-2.0.8.jar:/home/smoyerman/cassandra/bin/../lib/apache-cassandra-thrift-2.0.8.jar:/home/smoyerman/cassandra/bin/../lib/commons-cli-1.1.jar:/home/smoyerman/cassandra/bin/../lib/commons-codec-1.2.jar:/home/smoyerman/cassandra/bin/../lib/commons-lang3-3.1.jar:/home/smoyerman/cassandra/bin/../lib/compress-lzf-0.8.4.jar:/home/smoyerman/cassandra/bin/../lib/concurrentlinkedhashmap-lru-1.3.jar:/home/smoyerman/cassandra/bin/../lib/disruptor-3.0.1.jar:/home/smoyerman/cassandra/bin/../lib/guava-15.0.jar:/home/smoyerman/cassandra/bin/../lib/high-scale-lib-1.1.2.jar:/home/smoyerman/cassandra/bin/../lib/jackson-core-asl-1.9.2.jar:/home/smoyerman/cassandra/bin/../lib/jackson-mapper-asl-1.9.2.jar:/home/smoyerman/cassandra/bin/../lib/jamm-0.2.5.jar:/home/smoyerman/cassandra/bin/../lib/jbcrypt-0.3m.jar:/home/smoyerman/cassandra/bin/../lib/jline-1.0.jar:/home/smoyerman/cassandra/bin/../lib/json-simple-1.1.jar:/home/smoyerman/cassandra/bin/../lib/libthrift-0.9.1.jar:/home/smoyerman/cassandra/bin/../lib/log4j-1.2.16.jar:/home/smoyerman/cassandra/bin/../lib/lz4-1.2.0.jar:/home/smoyerman/cassandra/bin/../lib/metrics-core-2.2.0.jar:/home/smoyerman/cassandra/bin/../lib/netty-3.6.6.Final.jar:/home/smoyerman/cassandra/bin/../lib/reporter-config-2.1.0.jar:/home/smoyerman/cassandra/bin/../lib/servlet-api-2.5-20081211.jar:/home/smoyerman/cassandra/bin/../lib/slf4j-api-1.7.2.jar:/home/smoyerman/cassandra/bin/../lib/slf4j-log4j12-1.7.2.jar:/home/smoyerman/cassandra/bin/../lib/snakeyaml-1.11.jar:/home/smoyerman/cassandra/bin/../lib/snappy-java-1.0.5.jar:/home/smoyerman/cassandra/bin/../lib/snaptree-0.1.jar:/home/smoyerman/cassandra/bin/../lib/super-csv
Launcher Type: SUN_STANDARD

Environment Variables:
PATH=/usr/local/sbin:/usr/local/bin:/usr/sbin:/usr/bin:/sbin:/bin
USERNAME=root
SHELL=/bin/bash

Signal Handlers:
SIGSEGV: [libjvm.so+0xa2fc90], sa_mask[0]=0x7ffbfeff, sa_flags=0x10000004
SIGBUS: [libjvm.so+0xa2fc90], sa_mask[0]=0x7ffbfeff, sa_flags=0x10000004
SIGFPE: [libjvm.so+0x89b4b0], sa_mask[0]=0x7ffbfeff, sa_flags=0x10000004
SIGPIPE: [libjvm.so+0x89b4b0], sa_mask[0]=0x7ffbfeff, sa_flags=0x10000004
SIGXFSZ: [libjvm.so+0x89b4b0], sa_mask[0]=0x7ffbfeff, sa_flags=0x10000004
SIGILL: [libjvm.so+0x89b4b0], sa_mask[0]=0x7ffbfeff, sa_flags=0x10000004
SIGUSR1: SIG_DFL, sa_mask[0]=0x00000000, sa_flags=0x00000000
SIGUSR2: [libjvm.so+0x89cc50], sa_mask[0]=0x00000000, sa_flags=0x10000004
SIGHUP: SIG_DFL, sa_mask[0]=0x00000000, sa_flags=0x00000000
SIGINT: SIG_IGN, sa_mask[0]=0x00000000, sa_flags=0x00000000
SIGTERM: SIG_DFL, sa_mask[0]=0x00000000, sa_flags=0x00000000
SIGQUIT: SIG_IGN, sa_mask[0]=0x00000000, sa_flags=0x00000000


---------------  S Y S T E M  ---------------

OS:DISTRIB_ID=Ubuntu
DISTRIB_RELEASE=14.04
DISTRIB_CODENAME=trusty
DISTRIB_DESCRIPTION="Ubuntu 14.04 LTS"

uname:Linux 3.13.0-24-generic #46-Ubuntu SMP Thu Apr 10 19:11:08 UTC 2014 x86_64
libc:glibc 2.19 NPTL 2.19 
rlimit: STACK 8192k, CORE 0k, NPROC 3751, NOFILE 4096, AS infinity
load average:0.22 0.06 0.06

/proc/meminfo:
MemTotal:         501868 kB
MemFree:            9660 kB
Buffers:           41200 kB
Cached:           113752 kB
SwapCached:            0 kB
Active:           371044 kB
Inactive:          73108 kB
Active(anon):     291124 kB
Inactive(anon):    10964 kB
Active(file):      79920 kB
Inactive(file):    62144 kB
Unevictable:           0 kB
Mlocked:               0 kB
SwapTotal:             0 kB
SwapFree:              0 kB
Dirty:               740 kB
Writeback:             0 kB
AnonPages:        289212 kB
Mapped:            43904 kB
Shmem:             12864 kB
Slab:              31044 kB
SReclaimable:      21244 kB
SUnreclaim:         9800 kB
KernelStack:        1960 kB
PageTables:         7204 kB
NFS_Unstable:          0 kB
Bounce:                0 kB
WritebackTmp:          0 kB
CommitLimit:      250932 kB
Committed_AS:     837760 kB
VmallocTotal:   34359738367 kB
VmallocUsed:        3240 kB
VmallocChunk:   34359730328 kB
HardwareCorrupted:     0 kB
AnonHugePages:         0 kB
HugePages_Total:       0
HugePages_Free:        0
HugePages_Rsvd:        0
HugePages_Surp:        0
Hugepagesize:       2048 kB
DirectMap4k:       34804 kB
DirectMap2M:      489472 kB


CPU:total 1 (1 cores per cpu, 1 threads per core) family 6 model 2 stepping 3, cmov, cx8, fxsr, mmx, sse, sse2, sse3, popcnt, tsc

/proc/cpuinfo:
processor	: 0
vendor_id	: GenuineIntel
cpu family	: 6
model		: 2
model name	: QEMU Virtual CPU version 1.0
stepping	: 3
microcode	: 0x1
cpu MHz		: 1999.999
cache size	: 4096 KB
physical id	: 0
siblings	: 1
core id		: 0
cpu cores	: 1
apicid		: 0
initial apicid	: 0
fpu		: yes
fpu_exception	: yes
cpuid level	: 4
wp		: yes
flags		: fpu de pse tsc msr pae mce cx8 apic sep mtrr pge mca cmov pse36 clflush mmx fxsr sse sse2 syscall nx lm rep_good nopl pni vmx cx16 popcnt hypervisor lahf_lm
bogomips	: 3999.99
clflush size	: 64
cache_alignment	: 64
address sizes	: 40 bits physical, 48 bits virtual
power management:



Memory: 4k page, physical 501868k(9660k free), swap 0k(0k free)

vm_info: Java HotSpot(TM) 64-Bit Server VM (25.5-b02) for linux-amd64 JRE (1.8.0_05-b13), built on Mar 18 2014 00:29:27 by "java_re" with gcc 4.3.0 20080428 (Red Hat 4.3.0-8)

time: Wed Jul  9 19:38:13 2014
elapsed time: 0 seconds

